Using pre-set license
Built from '2021.1/release' branch; Version is '2021.1.0f1 (61a549675243) revision 6399305'; Using compiler version '192528614'; Build Type 'Release'
OS: 'Windows 10 Home China; OS build 19043.1415; Version 2009; 64bit' Language: 'zh' Physical Memory: 16220 MB
BatchMode: 1, IsHumanControllingUs: 0, StartBugReporterOnCrash: 0, Is64bit: 1, IsPro: 0

 COMMAND LINE ARGUMENTS:
D:\Unity\2021.1.0f1\Editor\Unity.exe
-adb2
-batchMode
-noUpm
-name
AssetImportWorker0
-projectPath
E:/Unity Project/FYP_Prepare_SceneDialog/Demo_Project
-logFile
Logs/AssetImportWorker0.log
-srvPort
52250
Successfully changed project path to: E:/Unity Project/FYP_Prepare_SceneDialog/Demo_Project
E:/Unity Project/FYP_Prepare_SceneDialog/Demo_Project
Using Asset Import Pipeline V2.
Refreshing native plugins compatible for Editor in 87.25 ms, found 1 plugins.
Preloading 0 native plugins for Editor in 0.00 ms.
Initialize engine version: 2021.1.0f1 (61a549675243)
[Subsystems] Discovering subsystems at path D:/Unity/2021.1.0f1/Editor/Data/Resources/UnitySubsystems
[Subsystems] Discovering subsystems at path E:/Unity Project/FYP_Prepare_SceneDialog/Demo_Project/Assets
GfxDevice: creating device client; threaded=0; jobified=0
Direct3D:
    Version:  Direct3D 11.0 [level 11.1]
    Renderer: NVIDIA GeForce RTX 2060 (ID=0x1f15)
    Vendor:   NVIDIA
    VRAM:     5980 MB
    Driver:   30.0.14.7239
Initialize mono
Mono path[0] = 'D:/Unity/2021.1.0f1/Editor/Data/Managed'
Mono path[1] = 'D:/Unity/2021.1.0f1/Editor/Data/MonoBleedingEdge/lib/mono/unityjit'
Mono config path = 'D:/Unity/2021.1.0f1/Editor/Data/MonoBleedingEdge/etc'
Using monoOptions --debugger-agent=transport=dt_socket,embedding=1,server=y,suspend=n,address=127.0.0.1:56300
Begin MonoManager ReloadAssembly
Registering precompiled unity dll's ...
Register platform support module: D:/Unity/2021.1.0f1/Editor/Data/PlaybackEngines/WindowsStandaloneSupport/UnityEditor.WindowsStandalone.Extensions.dll
Registered in 0.000739 seconds.
Native extension for WindowsStandalone target not found
Refreshing native plugins compatible for Editor in 94.26 ms, found 1 plugins.
Preloading 0 native plugins for Editor in 0.00 ms.
Mono: successfully reloaded assembly
- Completed reload, in  1.239 seconds
Platform modules already initialized, skipping
Registering precompiled user dll's ...
Registered in 0.002392 seconds.
Begin MonoManager ReloadAssembly
Native extension for WindowsStandalone target not found
Refreshing native plugins compatible for Editor in 0.70 ms, found 1 plugins.
Preloading 0 native plugins for Editor in 0.00 ms.
Mono: successfully reloaded assembly
- Completed reload, in  0.846 seconds
Platform modules already initialized, skipping
========================================================================
Worker process is ready to serve import requests
Launched and connected shader compiler UnityShaderCompiler.exe after 0.04 seconds
Refreshing native plugins compatible for Editor in 0.72 ms, found 1 plugins.
Preloading 0 native plugins for Editor in 0.00 ms.
Unloading 2685 Unused Serialized files (Serialized files now loaded: 0)
System memory in use before: 103.3 MB.
System memory in use after: 103.5 MB.

Unloading 14 unused Assets to reduce memory usage. Loaded Objects now: 3139.
Total: 1.784700 ms (FindLiveObjects: 0.216600 ms CreateObjectMapping: 0.144700 ms MarkObjects: 1.373300 ms  DeleteObjects: 0.049400 ms)

========================================================================
Received Import Request.
  path: Assets/Scripts/AnimationControl.cs
  artifactKey: Guid(811ab6b5451f4744a9b3b3caf5b09391) Importer(815301076,1909f56bfc062723c751e8b465ee728b)
Start importing Assets/Scripts/AnimationControl.cs using Guid(811ab6b5451f4744a9b3b3caf5b09391) Importer(815301076,1909f56bfc062723c751e8b465ee728b)  -> (artifact id: '424f212759b2ab763bfb2ea542b21dac') in 0.029685 seconds 
========================================================================
Received Import Request.
  Time since last request: 103.033999 seconds.
  path: Assets/Scripts/ButtonTroller.cs
  artifactKey: Guid(94e4dffa6c3534e4fbfd0629c3cb3822) Importer(815301076,1909f56bfc062723c751e8b465ee728b)
Start importing Assets/Scripts/ButtonTroller.cs using Guid(94e4dffa6c3534e4fbfd0629c3cb3822) Importer(815301076,1909f56bfc062723c751e8b465ee728b)  -> (artifact id: '358d9e3e5df91a068a2c7e2ebf68d752') in 0.002936 seconds 
========================================================================
Received Import Request.
  Time since last request: 38.176277 seconds.
  path: Assets/Scripts/DialogManager.cs
  artifactKey: Guid(d4fcfd7fe9fc0ac4e8388e3df26e2e1c) Importer(815301076,1909f56bfc062723c751e8b465ee728b)
Start importing Assets/Scripts/DialogManager.cs using Guid(d4fcfd7fe9fc0ac4e8388e3df26e2e1c) Importer(815301076,1909f56bfc062723c751e8b465ee728b)  -> (artifact id: '1d37a34abdd141f526a30b4664192e9f') in 0.002921 seconds 
========================================================================
Received Import Request.
  Time since last request: 8.876741 seconds.
  path: Assets/Scripts/DialogTrigger.cs
  artifactKey: Guid(01d511c79abe9a84590ca67563f65565) Importer(815301076,1909f56bfc062723c751e8b465ee728b)
Start importing Assets/Scripts/DialogTrigger.cs using Guid(01d511c79abe9a84590ca67563f65565) Importer(815301076,1909f56bfc062723c751e8b465ee728b)  -> (artifact id: 'e857fab0c10f5aa36f2beddb4fc0def1') in 0.002781 seconds 
